[     787ms] [LOG] [Fast Refresh] rebuilding @ webpack-internal:///(app-pages-browser)/./node_modules/next/dist/next-devtools/shared/forward-logs-shared.js:27
[    1786ms] [LOG] [Fast Refresh] done in 1000ms @ webpack-internal:///(app-pages-browser)/./node_modules/next/dist/next-devtools/shared/forward-logs-shared.js:27
[    4647ms] [INFO] %cDownload the React DevTools for a better development experience: https://react.dev/link/react-devtools font-weight:bold @ webpack-internal:///(app-pages-browser)/./node_modules/next/dist/next-devtools/shared/forward-logs-shared.js:27
[    4780ms] [LOG] [HMR] connected @ webpack-internal:///(app-pages-browser)/./node_modules/next/dist/next-devtools/shared/forward-logs-shared.js:27
[    7818ms] [WARNING] The resource http://localhost:3000/_next/static/media/636a5ac981f94f8b-s.p.woff2?v=1776007016683 was preloaded using link preload but not used within a few seconds from the window's load event. Please make sure it has an appropriate `as` value and it is preloaded intentionally. @ http://localhost:3000/reports:0
[ 1748920ms] [WARNING] The resource http://localhost:3000/_next/static/media/636a5ac981f94f8b-s.p.woff2?v=1776007016683 was preloaded using link preload but not used within a few seconds from the window's load event. Please make sure it has an appropriate `as` value and it is preloaded intentionally. @ http://localhost:3000/reports:0
[ 5258821ms] [WARNING] The resource http://localhost:3000/_next/static/media/636a5ac981f94f8b-s.p.woff2?v=1776007016683 was preloaded using link preload but not used within a few seconds from the window's load event. Please make sure it has an appropriate `as` value and it is preloaded intentionally. @ http://localhost:3000/reports:0
[ 8036714ms] [WARNING] The resource http://localhost:3000/_next/static/media/636a5ac981f94f8b-s.p.woff2?v=1776007016683 was preloaded using link preload but not used within a few seconds from the window's load event. Please make sure it has an appropriate `as` value and it is preloaded intentionally. @ http://localhost:3000/reports:0
[ 8041589ms] [WARNING] The resource http://localhost:3000/_next/static/media/636a5ac981f94f8b-s.p.woff2?v=1776007016683 was preloaded using link preload but not used within a few seconds from the window's load event. Please make sure it has an appropriate `as` value and it is preloaded intentionally. @ http://localhost:3000/calendar:0
[ 8055192ms] [WARNING] The resource http://localhost:3000/_next/static/media/636a5ac981f94f8b-s.p.woff2?v=1776007016683 was preloaded using link preload but not used within a few seconds from the window's load event. Please make sure it has an appropriate `as` value and it is preloaded intentionally. @ http://localhost:3000/guests/new:0
[ 8059701ms] [WARNING] The resource http://localhost:3000/_next/static/media/636a5ac981f94f8b-s.p.woff2?v=1776007016683 was preloaded using link preload but not used within a few seconds from the window's load event. Please make sure it has an appropriate `as` value and it is preloaded intentionally. @ http://localhost:3000/guests/new:0
[ 8072690ms] [WARNING] The resource http://localhost:3000/_next/static/media/636a5ac981f94f8b-s.p.woff2?v=1776007016683 was preloaded using link preload but not used within a few seconds from the window's load event. Please make sure it has an appropriate `as` value and it is preloaded intentionally. @ http://localhost:3000/guests/new:0
[ 8188143ms] [WARNING] The resource http://localhost:3000/_next/static/media/636a5ac981f94f8b-s.p.woff2?v=1776007016683 was preloaded using link preload but not used within a few seconds from the window's load event. Please make sure it has an appropriate `as` value and it is preloaded intentionally. @ http://localhost:3000/guests/new:0
[ 8212842ms] [WARNING] The resource http://localhost:3000/_next/static/media/636a5ac981f94f8b-s.p.woff2?v=1776007016683 was preloaded using link preload but not used within a few seconds from the window's load event. Please make sure it has an appropriate `as` value and it is preloaded intentionally. @ http://localhost:3000/guests/new:0
[ 8213570ms] [LOG] [Fast Refresh] rebuilding @ webpack-internal:///(app-pages-browser)/./node_modules/next/dist/next-devtools/shared/forward-logs-shared.js:27
[ 8218121ms] [LOG] [Fast Refresh] done in 4552ms @ webpack-internal:///(app-pages-browser)/./node_modules/next/dist/next-devtools/shared/forward-logs-shared.js:27
[ 8218297ms] [LOG] [Fast Refresh] rebuilding @ webpack-internal:///(app-pages-browser)/./node_modules/next/dist/next-devtools/shared/forward-logs-shared.js:27
[ 8219807ms] [LOG] [Fast Refresh] done in 1510ms @ webpack-internal:///(app-pages-browser)/./node_modules/next/dist/next-devtools/shared/forward-logs-shared.js:27
[ 8221126ms] [WARNING] The resource http://localhost:3000/_next/static/media/636a5ac981f94f8b-s.p.woff2?v=1776007016683 was preloaded using link preload but not used within a few seconds from the window's load event. Please make sure it has an appropriate `as` value and it is preloaded intentionally. @ http://localhost:3000/guests/new:0
[ 8225802ms] [WARNING] The resource http://localhost:3000/_next/static/media/636a5ac981f94f8b-s.p.woff2?v=1776007016683 was preloaded using link preload but not used within a few seconds from the window's load event. Please make sure it has an appropriate `as` value and it is preloaded intentionally. @ http://localhost:3000/calendar:0
[ 8233156ms] [WARNING] The resource http://localhost:3000/_next/static/media/636a5ac981f94f8b-s.p.woff2?v=1776007016683 was preloaded using link preload but not used within a few seconds from the window's load event. Please make sure it has an appropriate `as` value and it is preloaded intentionally. @ http://localhost:3000/calendar:0
[ 8237468ms] [WARNING] The resource http://localhost:3000/_next/static/media/636a5ac981f94f8b-s.p.woff2?v=1776007016683 was preloaded using link preload but not used within a few seconds from the window's load event. Please make sure it has an appropriate `as` value and it is preloaded intentionally. @ http://localhost:3000/calendar:0
[ 8248277ms] [LOG] [Fast Refresh] rebuilding @ webpack-internal:///(app-pages-browser)/./node_modules/next/dist/next-devtools/shared/forward-logs-shared.js:27
[ 8248938ms] [LOG] [Fast Refresh] done in 660ms @ webpack-internal:///(app-pages-browser)/./node_modules/next/dist/next-devtools/shared/forward-logs-shared.js:27
[ 8253247ms] [WARNING] The resource http://localhost:3000/_next/static/media/636a5ac981f94f8b-s.p.woff2?v=1776007016683 was preloaded using link preload but not used within a few seconds from the window's load event. Please make sure it has an appropriate `as` value and it is preloaded intentionally. @ http://localhost:3000/settings:0
[ 8256075ms] [LOG] [Fast Refresh] rebuilding @ webpack-internal:///(app-pages-browser)/./node_modules/next/dist/next-devtools/shared/forward-logs-shared.js:27
[ 8258930ms] [WARNING] The resource http://localhost:3000/_next/static/media/636a5ac981f94f8b-s.p.woff2?v=1776007016683 was preloaded using link preload but not used within a few seconds from the window's load event. Please make sure it has an appropriate `as` value and it is preloaded intentionally. @ http://localhost:3000/settings:0
[ 8262432ms] [LOG] [Fast Refresh] done in 6357ms @ webpack-internal:///(app-pages-browser)/./node_modules/next/dist/next-devtools/shared/forward-logs-shared.js:27
[ 8265435ms] [WARNING] The resource http://localhost:3000/_next/static/media/636a5ac981f94f8b-s.p.woff2?v=1776007016683 was preloaded using link preload but not used within a few seconds from the window's load event. Please make sure it has an appropriate `as` value and it is preloaded intentionally. @ http://localhost:3000/settings:0
[ 8267327ms] [LOG] [Fast Refresh] rebuilding @ webpack-internal:///(app-pages-browser)/./node_modules/next/dist/next-devtools/shared/forward-logs-shared.js:27
[ 8268539ms] [WARNING] The resource http://localhost:3000/_next/static/media/636a5ac981f94f8b-s.p.woff2?v=1776007016683 was preloaded using link preload but not used within a few seconds from the window's load event. Please make sure it has an appropriate `as` value and it is preloaded intentionally. @ http://localhost:3000/settings:0
[ 8271917ms] [LOG] [Fast Refresh] done in 4590ms @ webpack-internal:///(app-pages-browser)/./node_modules/next/dist/next-devtools/shared/forward-logs-shared.js:27
[ 8277752ms] [WARNING] The resource http://localhost:3000/_next/static/media/636a5ac981f94f8b-s.p.woff2?v=1776007016683 was preloaded using link preload but not used within a few seconds from the window's load event. Please make sure it has an appropriate `as` value and it is preloaded intentionally. @ http://localhost:3000/beds:0
